[15:06:42] [BATT] 100
[15:06:43] [TEMP] 28
[15:06:44] [MOTORES] 2444
[15:06:45] [BATT] 15
[15:06:46] [TEMP] 47
[15:06:47] [MOTORES] 2810
[15:06:48] [BATT] 26
[15:06:49] [TEMP] 20
[15:06:50] [MOTORES] 2752
[15:06:51] [BATT] 60
[15:06:52] [TEMP] 35
[15:06:53] [MOTORES] 2464
[15:06:54] [BATT] 69
[15:06:55] [TEMP] 33
[15:06:56] [MOTORES] 3254
15:06:56 [WATCHDOG] EMERGENCIA: Exceso de velocidad en motores
[15:07:05] [BATT] 74
[15:07:06] [TEMP] 33
[15:07:07] [MOTORES] 1518
[15:07:08] [BATT] 90
[15:07:09] [TEMP] 25
[15:07:10] [MOTORES] 2677
[15:07:11] [BATT] 92
[15:07:12] [TEMP] 36
[15:07:13] [MOTORES] 1827
[15:07:14] [BATT] 12
15:07:14 [WATCHDOG] AVISO: Nivel de energía crítico
[15:08:39] [BATT] 84
[15:08:40] [TEMP] 33
[15:08:41] [MOTORES] 2102
[15:08:42] [BATT] 98
[15:08:43] [TEMP] 54
[15:08:44] [MOTORES] 1388
[15:08:45] [BATT] 54
[15:08:46] [TEMP] 20
[15:08:47] [MOTORES] 1910
[15:08:48] [BATT] 26
[15:08:49] [TEMP] 21
[15:08:50] [MOTORES] 1539
[15:08:51] [BATT] 41
[15:08:52] [TEMP] 40
[15:08:53] [MOTORES] 2380
[15:08:54] [BATT] 14
[15:08:55] [TEMP] 38
[15:08:56] [MOTORES] 1378
[15:08:57] [BATT] 60
[15:08:58] [TEMP] 59
[15:08:59] [MOTORES] 1868
[15:09:00] [BATT] 16
[15:09:01] [TEMP] 38
[15:09:02] [MOTORES] 3397
15:09:02 [WATCHDOG] EMERGENCIA: Exceso de velocidad en motores
[15:09:10] [BATT] 25
[15:09:11] [TEMP] 55
15:09:11 [WATCHDOG] EMERGENCIA: Sobrecalentamiento detectado
[15:09:17] [BATT] 90
[15:09:18] [TEMP] 31
[15:09:19] [MOTORES] 1808
[15:09:20] [BATT] 63
[15:09:21] [TEMP] 59
[15:09:22] [MOTORES] 1387
[15:09:23] [BATT] 79
[15:09:24] [TEMP] 50
[15:09:25] [MOTORES] 3396
15:09:25 [WATCHDOG] EMERGENCIA: Exceso de velocidad en motores
[15:09:41] [BATT] 21
[15:09:42] [TEMP] 32
[15:09:43] [MOTORES] 2729
[15:09:44] [BATT] 29
[15:09:45] [TEMP] 37
[15:09:46] [MOTORES] 1601
[15:09:47] [BATT] 56
[15:09:48] [TEMP] 50
[15:09:49] [MOTORES] 1663
[15:09:50] [BATT] 8
[15:09:51] [TEMP] 56
15:09:51 [WATCHDOG] EMERGENCIA: Sobrecalentamiento detectado
[15:17:34] [BATT] 51
[15:17:35] [TEMP] 55
[15:17:36] [MOTORES] 1915
[15:17:37] [BATT] 16
[15:17:38] [TEMP] 48
[15:17:39] [MOTORES] 2677
[15:17:40] [BATT] 63
[15:17:41] [TEMP] 48
[15:17:42] [MOTORES] 2865
[15:17:43] [BATT] 35
[15:17:44] [TEMP] 25
[15:17:45] [MOTORES] 2985
[15:17:46] [BATT] 7
[15:17:47] [TEMP] 49
[15:17:48] [MOTORES] 1123
[15:17:49] [BATT] 54
[15:17:50] [TEMP] 47
[15:17:51] [MOTORES] 3212
[15:17:52] [BATT] 24
[15:17:53] [TEMP] 54
[15:17:54] [MOTORES] 3027
[15:17:55] [BATT] 22
[15:17:56] [TEMP] 38
[15:17:57] [MOTORES] 1353
[15:17:58] [BATT] 59
[15:17:59] [TEMP] 51
15:17:59 [WATCHDOG] EMERGENCIA: Sobrecalentamiento detectado
15:18:01 [WATCHDOG] EMERGENCIA: Sobrecalentamiento detectado
[15:18:32] [BATT] 47
[15:18:33] [TEMP] 47
[15:18:34] [MOTORES] 1742
[15:18:35] [BATT] 55
[15:18:36] [TEMP] 35
[15:18:37] [MOTORES] 1155
[15:18:38] [BATT] 86
[15:18:39] [TEMP] 43
[15:18:40] [MOTORES] 1351
[15:18:41] [BATT] 28
[15:18:42] [TEMP] 55
[15:18:43] [MOTORES] 3398
[15:18:44] [BATT] 9
15:18:44 [WATCHDOG] AVISO: Nivel de energía crítico
[15:19:36] [BATT] 38
[15:19:37] [TEMP] 29
[15:19:38] [MOTORES] 2649
[15:19:39] [BATT] 12
15:19:40 [WATCHDOG] AVISO: Nivel de energía crítico
[15:19:44] [BATT] 93
[15:19:45] [TEMP] 54
[15:19:46] [MOTORES] 1283
15:19:47 [WATCHDOG] EMERGENCIA: Sobrecalentamiento detectado
[15:19:47] [BATT] 99
[15:19:49] [BATT] 70
[15:19:50] [TEMP] 21
[15:19:51] [MOTORES] 2432
[15:19:52] [BATT] 67
[15:19:53] [TEMP] 44
[15:19:54] [MOTORES] 1718
[15:19:55] [BATT] 68
[15:19:56] [TEMP] 47
[15:19:57] [MOTORES] 1929
[15:19:58] [BATT] 58
[15:19:59] [TEMP] 55
15:19:59 [WATCHDOG] EMERGENCIA: Sobrecalentamiento detectado
[15:20:44] [BATT] 24
[15:20:45] [TEMP] 40
[15:20:46] [MOTORES] 2931
[15:20:47] [BATT] 51
[15:20:48] [TEMP] 44
[15:20:49] [MOTORES] 2462
[15:20:50] [BATT] 51
[15:20:51] [TEMP] 41
[15:20:52] [MOTORES] 1694
[15:20:53] [BATT] 33
[15:20:54] [TEMP] 27
[15:20:55] [MOTORES] 3340
15:20:55 [WATCHDOG] EMERGENCIA: Exceso de velocidad en motores
[15:21:12] [BATT] 62
[15:21:13] [TEMP] 31
[15:21:14] [MOTORES] 3237
[15:21:15] [BATT] 74
[15:21:16] [TEMP] 36
15:21:17 [WATCHDOG] EMERGENCIA: Exceso de velocidad en motores
